v ATLAS
# This file was created by ATLAS version 5.26.1.R on Fri Jul 17 19:46:38 2026.
#SSF 2.0 generic
##############################################################################
#                    Copyright (c) 1984 - 2018                               #
#                    Silvaco Inc. All rights reserved                        #
#                                                                            #
# This file format and the following Key are copyright Silvaco Inc.          #
# You may not use, this format or key without reproducing this message in    #
# full and obtaining express written permission from Silvaco Inc.            #
#                                                                            #
# To obtain such permission please contact: Silvaco Inc.                     #
#                                           support@silvaco.com              #
#                                                                            #
# KEY=SVC86hn7562asdx                       PROD=345                         #
##############################################################################
y 3 700 711 15
z 0.487789 0.0471187 300
f 3 "source" "gate" "drain" 
p 9 2 601 20 3 602 21 4 603 22 
d 0.000000000e+000 0.000000000e+000 -6.200693876e-020 1.000000000e+000 1.000000000e+000 0.000000000e+000 0.000000000e+000 0.000000000e+000 -1.631761546e-020 
d 0.000000000e+000 0.000000000e+000 -2.907866901e-005 1.000000000e+000 1.000000000e+000 0.000000000e+000 1.500000000e-001 1.500000000e-001 2.907866901e-005 
d 0.000000000e+000 0.000000000e+000 -5.075491947e-005 1.000000000e+000 1.000000000e+000 0.000000000e+000 3.000000000e-001 3.000000000e-001 5.075491947e-005 
d 0.000000000e+000 0.000000000e+000 -7.482470124e-005 1.000000000e+000 1.000000000e+000 0.000000000e+000 6.000000000e-001 6.000000000e-001 7.482470124e-005 
d 0.000000000e+000 0.000000000e+000 -8.997382028e-005 1.000000000e+000 1.000000000e+000 0.000000000e+000 9.000000000e-001 9.000000000e-001 8.997382028e-005 
d 0.000000000e+000 0.000000000e+000 -1.026076962e-004 1.000000000e+000 1.000000000e+000 0.000000000e+000 1.200000000e+000 1.200000000e+000 1.026076962e-004 
d 0.000000000e+000 0.000000000e+000 -1.139125194e-004 1.000000000e+000 1.000000000e+000 0.000000000e+000 1.500000000e+000 1.500000000e+000 1.139125194e-004 
d 0.000000000e+000 0.000000000e+000 -1.243381678e-004 1.000000000e+000 1.000000000e+000 0.000000000e+000 1.800000000e+000 1.800000000e+000 1.243381678e-004 
d 0.000000000e+000 0.000000000e+000 -1.341471238e-004 1.000000000e+000 1.000000000e+000 0.000000000e+000 2.100000000e+000 2.100000000e+000 1.341471238e-004 
d 0.000000000e+000 0.000000000e+000 -1.434851687e-004 1.000000000e+000 1.000000000e+000 0.000000000e+000 2.400000000e+000 2.400000000e+000 1.434851687e-004 
d 0.000000000e+000 0.000000000e+000 -1.524346933e-004 1.000000000e+000 1.000000000e+000 0.000000000e+000 2.700000000e+000 2.700000000e+000 1.524346933e-004 
d 0.000000000e+000 0.000000000e+000 -1.610737860e-004 1.000000000e+000 1.000000000e+000 0.000000000e+000 3.000000000e+000 3.000000000e+000 1.610737860e-004 
d 0.000000000e+000 0.000000000e+000 -1.694525518e-004 1.000000000e+000 1.000000000e+000 0.000000000e+000 3.300000000e+000 3.300000000e+000 1.694525518e-004 
