v ATLAS
# This file was created by ATLAS version 5.26.1.R on Fri Jul 17 19:47:18 2026.
#SSF 2.0 generic
##############################################################################
#                    Copyright (c) 1984 - 2018                               #
#                    Silvaco Inc. All rights reserved                        #
#                                                                            #
# This file format and the following Key are copyright Silvaco Inc.          #
# You may not use, this format or key without reproducing this message in    #
# full and obtaining express written permission from Silvaco Inc.            #
#                                                                            #
# To obtain such permission please contact: Silvaco Inc.                     #
#                                           support@silvaco.com              #
#                                                                            #
# KEY=SVC86hn7562asdx                       PROD=345                         #
##############################################################################
y 3 700 711 15
z 0.487789 0.0471187 300
f 3 "source" "gate" "drain" 
p 9 2 601 20 3 602 21 4 603 22 
d 0.000000000e+000 0.000000000e+000 1.729667239e-019 5.000000000e+000 5.000000000e+000 0.000000000e+000 0.000000000e+000 0.000000000e+000 1.631761546e-020 
d 0.000000000e+000 0.000000000e+000 -8.802602303e-005 5.000000000e+000 5.000000000e+000 0.000000000e+000 1.500000000e-001 1.500000000e-001 8.802602303e-005 
d 0.000000000e+000 0.000000000e+000 -1.657526790e-004 5.000000000e+000 5.000000000e+000 0.000000000e+000 3.000000000e-001 3.000000000e-001 1.657526790e-004 
d 0.000000000e+000 0.000000000e+000 -2.725620314e-004 5.000000000e+000 5.000000000e+000 0.000000000e+000 6.000000000e-001 6.000000000e-001 2.725620314e-004 
d 0.000000000e+000 0.000000000e+000 -3.241549072e-004 5.000000000e+000 5.000000000e+000 0.000000000e+000 9.000000000e-001 9.000000000e-001 3.241549072e-004 
d 0.000000000e+000 0.000000000e+000 -3.499542152e-004 5.000000000e+000 5.000000000e+000 0.000000000e+000 1.200000000e+000 1.200000000e+000 3.499542152e-004 
d 0.000000000e+000 0.000000000e+000 -3.676926728e-004 5.000000000e+000 5.000000000e+000 0.000000000e+000 1.500000000e+000 1.500000000e+000 3.676926728e-004 
d 0.000000000e+000 0.000000000e+000 -3.822632645e-004 5.000000000e+000 5.000000000e+000 0.000000000e+000 1.800000000e+000 1.800000000e+000 3.822632645e-004 
d 0.000000000e+000 0.000000000e+000 -3.950586201e-004 5.000000000e+000 5.000000000e+000 0.000000000e+000 2.100000000e+000 2.100000000e+000 3.950586201e-004 
d 0.000000000e+000 0.000000000e+000 -4.066726575e-004 5.000000000e+000 5.000000000e+000 0.000000000e+000 2.400000000e+000 2.400000000e+000 4.066726575e-004 
d 0.000000000e+000 0.000000000e+000 -4.174339253e-004 5.000000000e+000 5.000000000e+000 0.000000000e+000 2.700000000e+000 2.700000000e+000 4.174339253e-004 
d 0.000000000e+000 0.000000000e+000 -4.275434698e-004 5.000000000e+000 5.000000000e+000 0.000000000e+000 3.000000000e+000 3.000000000e+000 4.275434698e-004 
d 0.000000000e+000 0.000000000e+000 -4.371282662e-004 5.000000000e+000 5.000000000e+000 0.000000000e+000 3.300000000e+000 3.300000000e+000 4.371282662e-004 
