v ATLAS
# This file was created by ATLAS version 5.26.1.R on Fri Jul 17 19:46:56 2026.
#SSF 2.0 generic
##############################################################################
#                    Copyright (c) 1984 - 2018                               #
#                    Silvaco Inc. All rights reserved                        #
#                                                                            #
# This file format and the following Key are copyright Silvaco Inc.          #
# You may not use, this format or key without reproducing this message in    #
# full and obtaining express written permission from Silvaco Inc.            #
#                                                                            #
# To obtain such permission please contact: Silvaco Inc.                     #
#                                           support@silvaco.com              #
#                                                                            #
# KEY=SVC86hn7562asdx                       PROD=345                         #
##############################################################################
y 3 700 711 15
z 0.487789 0.0471187 300
f 3 "source" "gate" "drain" 
p 9 2 601 20 3 602 21 4 603 22 
d 0.000000000e+000 0.000000000e+000 9.137864659e-020 2.000000000e+000 2.000000000e+000 0.000000000e+000 0.000000000e+000 0.000000000e+000 -4.242580020e-020 
d 0.000000000e+000 0.000000000e+000 -4.658807344e-005 2.000000000e+000 2.000000000e+000 0.000000000e+000 1.500000000e-001 1.500000000e-001 4.658807344e-005 
d 0.000000000e+000 0.000000000e+000 -8.400242198e-005 2.000000000e+000 2.000000000e+000 0.000000000e+000 3.000000000e-001 3.000000000e-001 8.400242198e-005 
d 0.000000000e+000 0.000000000e+000 -1.268692968e-004 2.000000000e+000 2.000000000e+000 0.000000000e+000 6.000000000e-001 6.000000000e-001 1.268692968e-004 
d 0.000000000e+000 0.000000000e+000 -1.476196027e-004 2.000000000e+000 2.000000000e+000 0.000000000e+000 9.000000000e-001 9.000000000e-001 1.476196027e-004 
d 0.000000000e+000 0.000000000e+000 -1.626695512e-004 2.000000000e+000 2.000000000e+000 0.000000000e+000 1.200000000e+000 1.200000000e+000 1.626695512e-004 
d 0.000000000e+000 0.000000000e+000 -1.754748390e-004 2.000000000e+000 2.000000000e+000 0.000000000e+000 1.500000000e+000 1.500000000e+000 1.754748390e-004 
d 0.000000000e+000 0.000000000e+000 -1.869664888e-004 2.000000000e+000 2.000000000e+000 0.000000000e+000 1.800000000e+000 1.800000000e+000 1.869664888e-004 
d 0.000000000e+000 0.000000000e+000 -1.975634043e-004 2.000000000e+000 2.000000000e+000 0.000000000e+000 2.100000000e+000 2.100000000e+000 1.975634043e-004 
d 0.000000000e+000 0.000000000e+000 -2.074981275e-004 2.000000000e+000 2.000000000e+000 0.000000000e+000 2.400000000e+000 2.400000000e+000 2.074981275e-004 
d 0.000000000e+000 0.000000000e+000 -2.169300477e-004 2.000000000e+000 2.000000000e+000 0.000000000e+000 2.700000000e+000 2.700000000e+000 2.169300477e-004 
d 0.000000000e+000 0.000000000e+000 -2.259571857e-004 2.000000000e+000 2.000000000e+000 0.000000000e+000 3.000000000e+000 3.000000000e+000 2.259571857e-004 
d 0.000000000e+000 0.000000000e+000 -2.346471426e-004 2.000000000e+000 2.000000000e+000 0.000000000e+000 3.300000000e+000 3.300000000e+000 2.346471426e-004 
